<?xml version="1.0" encoding="UTF-8"?>
<!-- Generated by org.testng.reporters.JUnitReportReporter -->
<testsuite hostname="ZMOSL-PF37FH8H" failures="0" tests="1" name="MyTests.secondTest" time="0.000" errors="0" timestamp="2023-03-31T18:33:21 MSK" skipped="0">
  <testcase classname="MyTests.secondTest" name="secondTest" time="0.000"/>
  <system-out/>
</testsuite> <!-- MyTests.secondTest -->
