<?xml version="1.0" encoding="UTF-8"?>
<!-- Generated by org.testng.reporters.JUnitReportReporter -->
<testsuite hostname="ZMOSL-PF37FH8H" failures="0" tests="1" name="MyTests.secondTest" time="0.003" errors="0" timestamp="2023-04-01T00:08:31 MSK" skipped="0">
  <testcase classname="MyTests.secondTest" name="secondTest" time="0.003"/>
  <system-out/>
</testsuite> <!-- MyTests.secondTest -->
